<?xml version="1.0" encoding="UTF-8"?>
<testng-results ignored="0" total="2" passed="2" failed="0" skipped="0">
  <reporter-output>
  </reporter-output>
  <suite started-at="2023-02-08T18:32:13 IST" name="Suite" finished-at="2023-02-08T18:32:13 IST" duration-ms="72">
    <groups>
    </groups>
    <test started-at="2023-02-08T18:32:13 IST" name="loan" finished-at="2023-02-08T18:32:13 IST" duration-ms="72">
      <class name="Automation.testNg">
        <test-method signature="demo1()[pri:0, instance:Automation.testNg@61386958]" started-at="2023-02-08T18:32:13 IST" name="demo1" finished-at="2023-02-08T18:32:13 IST" duration-ms="11" status="PASS">
          <reporter-output>
          </reporter-output>
        </test-method> <!-- demo1 -->
        <test-method signature="demo()[pri:1, instance:Automation.testNg@61386958]" started-at="2023-02-08T18:32:13 IST" name="demo" finished-at="2023-02-08T18:32:13 IST" duration-ms="2" status="PASS">
          <reporter-output>
          </reporter-output>
        </test-method> <!-- demo -->
      </class> <!-- Automation.testNg -->
    </test> <!-- loan -->
  </suite> <!-- Suite -->
</testng-results>
