<?xml version="1.0" encoding="UTF-8"?>
<testng-results ignored="0" total="1" passed="1" failed="0" skipped="0">
  <reporter-output>
  </reporter-output>
  <suite started-at="2022-12-20T10:25:21 IST" name="Default suite" finished-at="2022-12-20T10:25:30 IST" duration-ms="8903">
    <groups>
    </groups>
    <test started-at="2022-12-20T10:25:21 IST" name="Default test" finished-at="2022-12-20T10:25:30 IST" duration-ms="8903">
      <class name="Automation.TestJAVA">
        <test-method is-config="true" signature="setup()[pri:0, instance:Automation.TestJAVA@20f5239f]" started-at="2022-12-20T10:25:21 IST" name="setup" finished-at="2022-12-20T10:25:25 IST" duration-ms="3261" status="PASS">
          <reporter-output>
          </reporter-output>
        </test-method> <!-- setup -->
        <test-method signature="VerifyAddtoProduct()[pri:0, instance:Automation.TestJAVA@20f5239f]" started-at="2022-12-20T10:25:25 IST" name="VerifyAddtoProduct" finished-at="2022-12-20T10:25:28 IST" duration-ms="3562" status="PASS">
          <reporter-output>
          </reporter-output>
        </test-method> <!-- VerifyAddtoProduct -->
        <test-method is-config="true" signature="teardown()[pri:0, instance:Automation.TestJAVA@20f5239f]" started-at="2022-12-20T10:25:28 IST" name="teardown" finished-at="2022-12-20T10:25:30 IST" duration-ms="2041" status="PASS">
          <reporter-output>
          </reporter-output>
        </test-method> <!-- teardown -->
      </class> <!-- Automation.TestJAVA -->
    </test> <!-- Default test -->
  </suite> <!-- Default suite -->
</testng-results>
